<?xml version="1.0" encoding="UTF-8"?>
<!-- Generated by org.testng.reporters.JUnitReportReporter -->
<testsuite name="com.my.TestNGTutorial.ReadExcelDataProvider" tests="3" time="0.219" ignored="0" failures="0" timestamp="21 Feb 2017 19:47:55 GMT" skipped="0" hostname="sandy-PC" errors="0">
  <testcase name="VerifyInvalidLogin" time="0.000" classname="com.my.TestNGTutorial.ReadExcelDataProvider"/>
  <testcase name="tearDown" time="0.219" classname="com.my.TestNGTutorial.ReadExcelDataProvider"/>
  <testcase name="VerifyInvalidLogin" time="0.000" classname="com.my.TestNGTutorial.ReadExcelDataProvider"/>
</testsuite> <!-- com.my.TestNGTutorial.ReadExcelDataProvider -->
