<?xml version="1.0" encoding="UTF-8"?>
<!-- Generated by org.testng.reporters.JUnitReportReporter -->
<testsuite name="com.my.TestNGTutorial.NewTest" tests="2" time="1.914" ignored="0" failures="0" timestamp="21 Feb 2017 18:30:13 GMT" skipped="0" hostname="sandy-PC" errors="0">
  <testcase name="testEasy" time="0.579" classname="com.my.TestNGTutorial.NewTest"/>
  <testcase name="Test1" time="1.335" classname="com.my.TestNGTutorial.NewTest"/>
</testsuite> <!-- com.my.TestNGTutorial.NewTest -->
